[debug] [2021-12-15T12:02:21.581Z] ----------------------------------------------------------------------
[debug] [2021-12-15T12:02:21.583Z] Command:       /usr/local/bin/node /usr/local/bin/firebase deploy -m Skeleton loader
[debug] [2021-12-15T12:02:21.583Z] CLI Version:   9.21.0
[debug] [2021-12-15T12:02:21.583Z] Platform:      linux
[debug] [2021-12-15T12:02:21.583Z] Node Version:  v14.18.1
[debug] [2021-12-15T12:02:21.583Z] Time:          Wed Dec 15 2021 13:02:21 GMT+0100 (Central European Standard Time)
[debug] [2021-12-15T12:02:21.584Z] ----------------------------------------------------------------------
[debug] 
[debug] [2021-12-15T12:02:21.585Z] >>> [apiv2][query] GET https://firebase-public.firebaseio.com/cli.json [none]
[debug] [2021-12-15T12:02:21.648Z] > command requires scopes: ["email","openid","https://www.googleapis.com/auth/cloudplatformprojects.readonly","https://www.googleapis.com/auth/firebase","https://www.googleapis.com/auth/cloud-platform"]
[debug] [2021-12-15T12:02:21.648Z] > authorizing via signed-in user (dodydesign@gmail.com)
[debug] [2021-12-15T12:02:21.648Z] [iam] checking project dodder-movies for permissions ["firebase.projects.get","firebasehosting.sites.update"]
[debug] [2021-12-15T12:02:21.649Z] > refreshing access token with scopes: ["email","https://www.googleapis.com/auth/cloud-platform","https://www.googleapis.com/auth/cloudplatformprojects.readonly","https://www.googleapis.com/auth/firebase","openid"]
[debug] [2021-12-15T12:02:21.650Z] >>> HTTP REQUEST POST https://www.googleapis.com/oauth2/v3/token  
 <request body omitted>
[debug] [2021-12-15T12:02:21.827Z] <<< HTTP RESPONSE 200 {"pragma":"no-cache","cache-control":"no-cache, no-store, max-age=0, must-revalidate","date":"Wed, 15 Dec 2021 12:02:22 GMT","expires":"Mon, 01 Jan 1990 00:00:00 GMT","content-type":"application/json; charset=utf-8","vary":"X-Origin, Referer, Origin,Accept-Encoding","server":"scaffolding on HTTPServer2","x-xss-protection":"0","x-frame-options":"SAMEORIGIN","x-content-type-options":"nosniff","alt-svc":"h3=\":443\"; ma=2592000,h3-29=\":443\"; ma=2592000,h3-Q050=\":443\"; ma=2592000,h3-Q046=\":443\"; ma=2592000,h3-Q043=\":443\"; ma=2592000,quic=\":443\"; ma=2592000; v=\"46,43\"","accept-ranges":"none","transfer-encoding":"chunked"}
[debug] [2021-12-15T12:02:21.839Z] >>> HTTP REQUEST POST https://cloudresourcemanager.googleapis.com/v1/projects/dodder-movies:testIamPermissions  
 {"permissions":["firebase.projects.get","firebasehosting.sites.update"]}
[debug] [2021-12-15T12:02:22.185Z] <<< [apiv2][status] GET https://firebase-public.firebaseio.com/cli.json 200
[debug] [2021-12-15T12:02:22.185Z] <<< [apiv2][body] GET https://firebase-public.firebaseio.com/cli.json {"cloudBuildErrorAfter":1594252800000,"cloudBuildWarnAfter":1590019200000,"defaultNode10After":1594252800000,"minVersion":"3.0.5","node8DeploysDisabledAfter":1613390400000,"node8RuntimeDisabledAfter":1615809600000,"node8WarnAfter":1600128000000}
[debug] [2021-12-15T12:02:22.730Z] <<< HTTP RESPONSE 200 {"content-type":"application/json; charset=UTF-8","vary":"X-Origin, Referer, Origin,Accept-Encoding","date":"Wed, 15 Dec 2021 12:02:23 GMT","server":"ESF","cache-control":"private","x-xss-protection":"0","x-frame-options":"SAMEORIGIN","x-content-type-options":"nosniff","server-timing":"gfet4t7; dur=686","alt-svc":"h3=\":443\"; ma=2592000,h3-29=\":443\"; ma=2592000,h3-Q050=\":443\"; ma=2592000,h3-Q046=\":443\"; ma=2592000,h3-Q043=\":443\"; ma=2592000,quic=\":443\"; ma=2592000; v=\"46,43\"","accept-ranges":"none","transfer-encoding":"chunked"}
[debug] [2021-12-15T12:02:22.735Z] > refreshing access token with scopes: []
[debug] [2021-12-15T12:02:22.735Z] >>> HTTP REQUEST POST https://www.googleapis.com/oauth2/v3/token  
 <request body omitted>
[debug] [2021-12-15T12:02:22.825Z] <<< HTTP RESPONSE 200 {"date":"Wed, 15 Dec 2021 12:02:23 GMT","pragma":"no-cache","cache-control":"no-cache, no-store, max-age=0, must-revalidate","expires":"Mon, 01 Jan 1990 00:00:00 GMT","content-type":"application/json; charset=utf-8","vary":"X-Origin, Referer, Origin,Accept-Encoding","server":"scaffolding on HTTPServer2","x-xss-protection":"0","x-frame-options":"SAMEORIGIN","x-content-type-options":"nosniff","alt-svc":"h3=\":443\"; ma=2592000,h3-29=\":443\"; ma=2592000,h3-Q050=\":443\"; ma=2592000,h3-Q046=\":443\"; ma=2592000,h3-Q043=\":443\"; ma=2592000,quic=\":443\"; ma=2592000; v=\"46,43\"","accept-ranges":"none","transfer-encoding":"chunked"}
[debug] [2021-12-15T12:02:22.847Z] >>> [apiv2][query] GET https://firebase.googleapis.com/v1beta1/projects/dodder-movies [none]
[debug] [2021-12-15T12:02:23.117Z] <<< [apiv2][status] GET https://firebase.googleapis.com/v1beta1/projects/dodder-movies 200
[debug] [2021-12-15T12:02:23.118Z] <<< [apiv2][body] GET https://firebase.googleapis.com/v1beta1/projects/dodder-movies {"projectId":"dodder-movies","projectNumber":"794921395864","displayName":"dodder-movies","name":"projects/dodder-movies","resources":{"hostingSite":"dodder-movies","storageBucket":"dodder-movies.appspot.com","locationId":"europe-west"},"state":"ACTIVE"}
[info] 
[info] === Deploying to 'dodder-movies'...
[info] 
[info] i  deploying hosting 
[debug] [2021-12-15T12:02:23.140Z] > refreshing access token with scopes: ["email","https://www.googleapis.com/auth/cloud-platform","https://www.googleapis.com/auth/cloudplatformprojects.readonly","https://www.googleapis.com/auth/firebase","openid"]
[debug] [2021-12-15T12:02:23.141Z] >>> HTTP REQUEST POST https://www.googleapis.com/oauth2/v3/token  
 <request body omitted>
[debug] [2021-12-15T12:02:23.244Z] <<< HTTP RESPONSE 200 {"expires":"Mon, 01 Jan 1990 00:00:00 GMT","pragma":"no-cache","date":"Wed, 15 Dec 2021 12:02:24 GMT","cache-control":"no-cache, no-store, max-age=0, must-revalidate","content-type":"application/json; charset=utf-8","vary":"X-Origin, Referer, Origin,Accept-Encoding","server":"scaffolding on HTTPServer2","x-xss-protection":"0","x-frame-options":"SAMEORIGIN","x-content-type-options":"nosniff","alt-svc":"h3=\":443\"; ma=2592000,h3-29=\":443\"; ma=2592000,h3-Q050=\":443\"; ma=2592000,h3-Q046=\":443\"; ma=2592000,h3-Q043=\":443\"; ma=2592000,quic=\":443\"; ma=2592000; v=\"46,43\"","accept-ranges":"none","transfer-encoding":"chunked"}
[debug] [2021-12-15T12:02:23.273Z] >>> HTTP REQUEST POST https://firebasehosting.googleapis.com/v1beta1/sites/dodder-movies/versions  
 {"config":{"rewrites":[{"glob":"**","path":"/index.html"}],"headers":[{"glob":"**/*.@(js.map|js|css|txt|html|png)","headers":{"Cache-Control":"s-maxage=31536000,immutable"}},{"glob":"**","headers":{"Cache-Control":"no-cache"}}]},"labels":{"deployment-tool":"cli-firebase"}}
[debug] [2021-12-15T12:02:24.805Z] <<< HTTP RESPONSE 200 {"content-type":"application/json; charset=UTF-8","vary":"X-Origin, Referer, Origin,Accept-Encoding","date":"Wed, 15 Dec 2021 12:02:25 GMT","server":"ESF","cache-control":"private","x-xss-protection":"0","x-frame-options":"SAMEORIGIN","x-content-type-options":"nosniff","alt-svc":"h3=\":443\"; ma=2592000,h3-29=\":443\"; ma=2592000,h3-Q050=\":443\"; ma=2592000,h3-Q046=\":443\"; ma=2592000,h3-Q043=\":443\"; ma=2592000,quic=\":443\"; ma=2592000; v=\"46,43\"","accept-ranges":"none","transfer-encoding":"chunked"}
[info] i  hosting[dodder-movies]: beginning deploy... 
[info] i  hosting[dodder-movies]: found 28 files in build 
[debug] [2021-12-15T12:02:25.298Z] > refreshing access token with scopes: []
[debug] [2021-12-15T12:02:25.299Z] >>> HTTP REQUEST POST https://www.googleapis.com/oauth2/v3/token  
 <request body omitted>
[debug] [2021-12-15T12:02:25.300Z] [hosting] hash cache [YnVpbGQ] stored for 28 files
[debug] [2021-12-15T12:02:25.300Z] [hosting][hash queue][FINAL] {"max":404,"min":25,"avg":52.82142857142856,"active":0,"complete":28,"success":28,"errored":0,"retried":0,"total":28,"elapsed":418}
[debug] [2021-12-15T12:02:25.387Z] <<< HTTP RESPONSE 200 {"date":"Wed, 15 Dec 2021 12:02:26 GMT","expires":"Mon, 01 Jan 1990 00:00:00 GMT","cache-control":"no-cache, no-store, max-age=0, must-revalidate","pragma":"no-cache","content-type":"application/json; charset=utf-8","vary":"X-Origin, Referer, Origin,Accept-Encoding","server":"scaffolding on HTTPServer2","x-xss-protection":"0","x-frame-options":"SAMEORIGIN","x-content-type-options":"nosniff","alt-svc":"h3=\":443\"; ma=2592000,h3-29=\":443\"; ma=2592000,h3-Q050=\":443\"; ma=2592000,h3-Q046=\":443\"; ma=2592000,h3-Q043=\":443\"; ma=2592000,quic=\":443\"; ma=2592000; v=\"46,43\"","accept-ranges":"none","transfer-encoding":"chunked"}
[debug] [2021-12-15T12:02:25.397Z] >>> [apiv2][query] POST https://firebasehosting.googleapis.com/v1beta1/sites/dodder-movies/versions/ad1e4d9bf377273f:populateFiles [none]
[debug] [2021-12-15T12:02:25.397Z] >>> [apiv2][body] POST https://firebasehosting.googleapis.com/v1beta1/sites/dodder-movies/versions/ad1e4d9bf377273f:populateFiles {"files":{"/IMDB_Logo_2016.svg:Zone.Identifier":"f61f27bd17de546264aa58f40f3aafaac7021e0ef69c17f6b1b4cd7664a037ec","/IMDB_Logo_2016.svg":"8b943db01b5e35ce9c0a8106fcae30e7af1df4dbd807c41158c9bb58afae2815","/asset-manifest.json":"462c217f43baed7d23e1b6cc2e0f356b5a26ca5a997ffc14c8d1a67521f1a644","/browserconfig.xml":"0bb49b01a874cee5697157ec8b316fb5fbccced459ec6b964fb0660f672730be","/favicon-32x32.png":"87f9b9bffd47faf04ca34cc1dfe94ede72b5f7278845d94a6830cc24626b3ec7","/index.html":"43f8bbddecc38ebef9b8212b53e437c00b69b168501d9c47c1c37958c716f2c9","/favicon-16x16.png":"ab957fd2ed85b5adefd38bcbfa969889677843ddca7c468ba60ddeb12d6210f9","/favicon.ico":"626257eec1ed419fdabaaf84521a76c8af664a635e4c90719eca1ad97cb58af2","/index_firebase.html":"70562aa3ab5909c98a4b0f8f76caf6fe76d5f1de641e940ef7ffe62fd792f1fe","/logo192.png":"76c449ccb9cd117c2f2338f091b18f7050f3210e249b2228f5c81b23f34377cd","/logo512.png":"7779210d56c1f3741e2e487799fe3092def4fa6ac450a60532b807c3a8971205","/site.webmanifest":"27a49e20157daf138ed30ee09bf68686d8474365251cd88fb69e94f925eb52c4","/robots.txt":"2544ca049f223a42bff01f72ad930a5edba75bbb7199d0f8430a02ff5aca16ec","/manifest.json":"2733db6d8b4db14a31949a97a5db3fe34863b412fb74a0ac0bea0213ebc56c3b","/static/css/main.4b25dae1.chunk.css":"30c5f600c439801bc875f478cc3c1578c7472941f7502d7c1cde432044012f78","/static/css/main.4b25dae1.chunk.css.map":"3f5de3f413e5347b2ffa81db33cdef5f5cc2616efca179bbf9c0f9a9e78d0713","/static/js/2.9948c8d3.chunk.js.LICENSE.txt":"01868b3c323285f724b3f4e67a3b176ae658b0836f77feee2eafab7243542ad8","/static/js/runtime-main.2bb36b0d.js":"b4a56aaf8ccaaee2f608d669c31722c6ef8e9039b7b7fb5f8b4a00f0b6775809","/static/js/main.af3ede9e.chunk.js.map":"8c03d935216312bfa06751f2404ffca8a40a8d633d89d2b48b09b78e6f2262a6","/static/js/runtime-main.2bb36b0d.js.map":"c0fe718e29983ab0850bb5f0fb72cd1079edae7113d96aa03f3b639b98f6ae85","/static/js/main.af3ede9e.chunk.js":"fab8c21679dc9733afbb2f86543051ed97647ad8740636d39e528f3ca1c8504d","/mstile-150x150.png":"36e7c2b0572e51d0363efb7fe00964e0d4b01b8f09e8721f4ea439e232030d3c","/android-chrome-192x192.png":"bfb8b84e5d0c66ef600fc8059908aef747a5f28db136d45157708b4518c3f837","/apple-touch-icon.png":"4cc610548250ac383e4c49ba53fd34d8c583af614f5470444c5d91c12394ada8","/safari-pinned-tab.svg":"581b5dc5d09ccd94f84642d2403c168f54149fca619ba9de3ac98d1a537b5962","/android-chrome-512x512.png":"d0a90609f11d6d89e924f5fe128c0e7c84d1253e43872db4a769770c854d8676","/static/js/2.9948c8d3.chunk.js":"8f4f0f8335eeeafc0f0af322c5f1a692c526ac4d79bc7a5c884029d5857777d4","/static/js/2.9948c8d3.chunk.js.map":"172cced654fa16438f2ee2469b575be2f50820b485c36ce9aef6446111ea5427"}}
